{
  "defectsList" : [ {
    "title" : "Product defects",
    "status" : "FAILED",
    "defects" : [ {
      "uid" : "f5d5359b47d5e1cb",
      "failure" : {
        "message" : "AssertionError: The service is not giving the expected response code. Response code expected 200, But actual 400",
        "stackTrace" : "java.lang.AssertionError: The service is not giving the expected response code. Response code expected 200, But actual 400\n\tat org.junit.Assert.fail(Assert.java:88)\n\tat org.junit.Assert.assertTrue(Assert.java:41)\n\tat com.nike.stepDefinition.OrderService.i_validate_the_order_service_response_for_StatusCode(OrderService.java:83)\n\tat âœ½.Then I validate the create order service response for StatusCode 200(com/nike/OrderService.feature:18)\n"
      },
      "testCases" : [ {
        "uid" : "cc5bb67320e79760",
        "name" : "Then I validate the create order service response for StatusCode 200",
        "title" : "Then I validate the create order service response for StatusCode 200",
        "time" : {
          "start" : 1562030978071,
          "stop" : 1562030978083,
          "duration" : 12
        },
        "severity" : "NORMAL",
        "status" : "FAILED"
      } ]
    } ]
  }, {
    "title" : "Test defects",
    "status" : "BROKEN",
    "defects" : [ ]
  } ]
}